  encryptionmanager.cpp
C:\Program Files\Microsoft Visual Studio 2\2022\Professional\VC\Tools\MSVC\14.36.32532\include\filesystem(13): warning STL4038: The contents of <filesystem> are available only with C++17 or later.
C:\Git\Personal\PenguinTalk\include\Common\PenguinTalkCommon.h(49,21): error C2039: 'filesystem': is not a member of 'std'
C:\Program Files\Microsoft Visual Studio 2\2022\Professional\VC\Tools\MSVC\14.36.32532\include\vector(26,1): message : see declaration of 'std'
C:\Git\Personal\PenguinTalk\include\Common\PenguinTalkCommon.h(49,31): error C2878: 'filesystem': a namespace or class of this name does not exist
C:\Git\Personal\PenguinTalk\include\Common\PenguinTalkCommon.h(53,17): error C2059: syntax error: 'constant'
C:\Git\Personal\PenguinTalk\include\Common\PenguinTalkCommon.h(53,80): error C2143: syntax error: missing ';' before '}'
C:\Git\Personal\PenguinTalk\include\Common\PenguinTalkCommon.h(53,80): error C2059: syntax error: '}'
C:\Git\Personal\PenguinTalk\include\Common\PenguinTalkCommon.h(106,14): error C2065: 'SOCKET_READ_ERROR': undeclared identifier
C:\Git\Personal\PenguinTalk\include\Common\PenguinTalkCommon.h(106,14): error C2131: expression did not evaluate to a constant
C:\Git\Personal\PenguinTalk\include\Common\PenguinTalkCommon.h(106,14): message : a non-constant (sub-)expression was encountered
C:\Git\Personal\PenguinTalk\include\Common\PenguinTalkCommon.h(108,14): error C2065: 'SOCKET_WRITE_ERROR': undeclared identifier
C:\Git\Personal\PenguinTalk\include\Common\PenguinTalkCommon.h(108,14): error C2131: expression did not evaluate to a constant
C:\Git\Personal\PenguinTalk\include\Common\PenguinTalkCommon.h(108,14): message : a non-constant (sub-)expression was encountered
C:\Git\Personal\PenguinTalk\include\Common\PenguinTalkCommon.h(110,14): error C2065: 'ACCEPT_ERROR': undeclared identifier
C:\Git\Personal\PenguinTalk\include\Common\PenguinTalkCommon.h(110,14): error C2131: expression did not evaluate to a constant
C:\Git\Personal\PenguinTalk\include\Common\PenguinTalkCommon.h(110,14): message : a non-constant (sub-)expression was encountered
C:\Git\Personal\PenguinTalk\include\Common\PenguinTalkCommon.h(106,9): error C2051: case expression not constant
C:\Git\Personal\PenguinTalk\include\Common\PenguinTalkCommon.h(108,9): error C2051: case expression not constant
C:\Git\Personal\PenguinTalk\include\Common\PenguinTalkCommon.h(110,9): error C2051: case expression not constant
C:\Git\Personal\PenguinTalk\include\Common\EncryptionManager\RSAKey.h(9,32): error C2061: syntax error: identifier 'uint'
C:\Git\Personal\PenguinTalk\include\Common\EncryptionManager\RSAKey.h(11,33): error C2061: syntax error: identifier 'uint'
C:\Git\Personal\PenguinTalk\include\Common\EncryptionManager\RSAKey.h(19,33): error C2061: syntax error: identifier 'uint'
C:\Git\Personal\PenguinTalk\include\Common\EncryptionManager\RSAKey.h(21,33): error C2061: syntax error: identifier 'uint'
  RSA.cpp
C:\Program Files\Microsoft Visual Studio 2\2022\Professional\VC\Tools\MSVC\14.36.32532\include\filesystem(13): warning STL4038: The contents of <filesystem> are available only with C++17 or later.
C:\Git\Personal\PenguinTalk\include\Common\PenguinTalkCommon.h(49,21): error C2039: 'filesystem': is not a member of 'std'
C:\Program Files\Microsoft Visual Studio 2\2022\Professional\VC\Tools\MSVC\14.36.32532\include\vector(26,1): message : see declaration of 'std'
C:\Git\Personal\PenguinTalk\include\Common\PenguinTalkCommon.h(49,31): error C2878: 'filesystem': a namespace or class of this name does not exist
C:\Git\Personal\PenguinTalk\include\Common\PenguinTalkCommon.h(53,17): error C2059: syntax error: 'constant'
C:\Git\Personal\PenguinTalk\include\Common\PenguinTalkCommon.h(53,80): error C2143: syntax error: missing ';' before '}'
C:\Git\Personal\PenguinTalk\include\Common\PenguinTalkCommon.h(53,80): error C2059: syntax error: '}'
C:\Git\Personal\PenguinTalk\include\Common\PenguinTalkCommon.h(106,14): error C2065: 'SOCKET_READ_ERROR': undeclared identifier
C:\Git\Personal\PenguinTalk\include\Common\PenguinTalkCommon.h(106,14): error C2131: expression did not evaluate to a constant
C:\Git\Personal\PenguinTalk\include\Common\PenguinTalkCommon.h(106,14): message : a non-constant (sub-)expression was encountered
C:\Git\Personal\PenguinTalk\include\Common\PenguinTalkCommon.h(108,14): error C2065: 'SOCKET_WRITE_ERROR': undeclared identifier
C:\Git\Personal\PenguinTalk\include\Common\PenguinTalkCommon.h(108,14): error C2131: expression did not evaluate to a constant
C:\Git\Personal\PenguinTalk\include\Common\PenguinTalkCommon.h(108,14): message : a non-constant (sub-)expression was encountered
C:\Git\Personal\PenguinTalk\include\Common\PenguinTalkCommon.h(110,14): error C2065: 'ACCEPT_ERROR': undeclared identifier
C:\Git\Personal\PenguinTalk\include\Common\PenguinTalkCommon.h(110,14): error C2131: expression did not evaluate to a constant
C:\Git\Personal\PenguinTalk\include\Common\PenguinTalkCommon.h(110,14): message : a non-constant (sub-)expression was encountered
C:\Git\Personal\PenguinTalk\include\Common\PenguinTalkCommon.h(106,9): error C2051: case expression not constant
C:\Git\Personal\PenguinTalk\include\Common\PenguinTalkCommon.h(108,9): error C2051: case expression not constant
C:\Git\Personal\PenguinTalk\include\Common\PenguinTalkCommon.h(110,9): error C2051: case expression not constant
C:\Git\Personal\PenguinTalk\include\Common\EncryptionManager\RSAKey.h(9,32): error C2061: syntax error: identifier 'uint'
C:\Git\Personal\PenguinTalk\include\Common\EncryptionManager\RSAKey.h(11,33): error C2061: syntax error: identifier 'uint'
C:\Git\Personal\PenguinTalk\include\Common\EncryptionManager\RSAKey.h(19,33): error C2061: syntax error: identifier 'uint'
C:\Git\Personal\PenguinTalk\include\Common\EncryptionManager\RSAKey.h(21,33): error C2061: syntax error: identifier 'uint'
C:\Git\Personal\PenguinTalk\include\Common\Exceptions\PenguinTalkExceptions.h(11,27): warning C4267: 'initializing': conversion from 'size_t' to 'unsigned int', possible loss of data
C:\Git\Personal\PenguinTalk\src\Common\EncryptionManager\RSA.cpp(5,42): error C2061: syntax error: identifier 'uint'
C:\Git\Personal\PenguinTalk\src\Common\EncryptionManager\RSA.cpp(8,42): error C2065: 'bufferSize': undeclared identifier
C:\Git\Personal\PenguinTalk\src\Common\EncryptionManager\RSA.cpp(22,43): error C2061: syntax error: identifier 'uint'
C:\Git\Personal\PenguinTalk\src\Common\EncryptionManager\RSA.cpp(30,44): error C2061: syntax error: identifier 'uint'
C:\Git\Personal\PenguinTalk\src\Common\EncryptionManager\RSA.cpp(30,84): error C2065: 'bufferSize': undeclared identifier
C:\Git\Personal\PenguinTalk\src\Common\EncryptionManager\RSA.cpp(45,45): error C2061: syntax error: identifier 'uint'
C:\Git\Personal\PenguinTalk\src\Common\EncryptionManager\RSA.cpp(72,5): error C3861: 'RSA_generate_key': identifier not found
  managedbuffer.cpp
C:\Git\Personal\PenguinTalk\src\Common\ManagedBuffer\managedbuffer.cpp(1,10): fatal  error C1083: Cannot open include file: 'Common/ManagedBuffer/ManagedBuffer.h': No such file or directory
  server.cpp
C:\Git\Personal\PenguinTalk\include\Server\PenguinTalkServer.h(4,10): fatal  error C1083: Cannot open include file: 'Common/PenguinTalkCommon.h': No such file or directory
  server_account_management.cpp
C:\Program Files\Microsoft Visual Studio 2\2022\Professional\VC\Tools\MSVC\14.36.32532\include\filesystem(13): warning STL4038: The contents of <filesystem> are available only with C++17 or later.
C:\Git\Personal\PenguinTalk\include\Common\PenguinTalkCommon.h(49,21): error C2039: 'filesystem': is not a member of 'std'
C:\Program Files\Microsoft Visual Studio 2\2022\Professional\VC\Tools\MSVC\14.36.32532\include\vector(26,1): message : see declaration of 'std'
C:\Git\Personal\PenguinTalk\include\Common\PenguinTalkCommon.h(49,31): error C2878: 'filesystem': a namespace or class of this name does not exist
C:\Git\Personal\PenguinTalk\include\Common\PenguinTalkCommon.h(53,17): error C2059: syntax error: 'constant'
C:\Git\Personal\PenguinTalk\include\Common\PenguinTalkCommon.h(53,80): error C2143: syntax error: missing ';' before '}'
C:\Git\Personal\PenguinTalk\include\Common\PenguinTalkCommon.h(53,80): error C2059: syntax error: '}'
C:\Git\Personal\PenguinTalk\include\Common\PenguinTalkCommon.h(106,14): error C2065: 'SOCKET_READ_ERROR': undeclared identifier
C:\Git\Personal\PenguinTalk\include\Common\PenguinTalkCommon.h(106,14): error C2131: expression did not evaluate to a constant
C:\Git\Personal\PenguinTalk\include\Common\PenguinTalkCommon.h(106,14): message : a non-constant (sub-)expression was encountered
C:\Git\Personal\PenguinTalk\include\Common\PenguinTalkCommon.h(108,14): error C2065: 'SOCKET_WRITE_ERROR': undeclared identifier
C:\Git\Personal\PenguinTalk\include\Common\PenguinTalkCommon.h(108,14): error C2131: expression did not evaluate to a constant
C:\Git\Personal\PenguinTalk\include\Common\PenguinTalkCommon.h(108,14): message : a non-constant (sub-)expression was encountered
C:\Git\Personal\PenguinTalk\include\Common\PenguinTalkCommon.h(110,14): error C2065: 'ACCEPT_ERROR': undeclared identifier
C:\Git\Personal\PenguinTalk\include\Common\PenguinTalkCommon.h(110,14): error C2131: expression did not evaluate to a constant
C:\Git\Personal\PenguinTalk\include\Common\PenguinTalkCommon.h(110,14): message : a non-constant (sub-)expression was encountered
C:\Git\Personal\PenguinTalk\include\Common\PenguinTalkCommon.h(106,9): error C2051: case expression not constant
C:\Git\Personal\PenguinTalk\include\Common\PenguinTalkCommon.h(108,9): error C2051: case expression not constant
C:\Git\Personal\PenguinTalk\include\Common\PenguinTalkCommon.h(110,9): error C2051: case expression not constant
C:\Git\Personal\PenguinTalk\include\Common\EncryptionManager\RSAKey.h(9,32): error C2061: syntax error: identifier 'uint'
C:\Git\Personal\PenguinTalk\include\Common\EncryptionManager\RSAKey.h(11,33): error C2061: syntax error: identifier 'uint'
C:\Git\Personal\PenguinTalk\include\Common\EncryptionManager\RSAKey.h(19,33): error C2061: syntax error: identifier 'uint'
C:\Git\Personal\PenguinTalk\include\Common\EncryptionManager\RSAKey.h(21,33): error C2061: syntax error: identifier 'uint'
C:\Git\Personal\PenguinTalk\include\Server\_AccountSystem.h(96,16): error C2461: 'ServerGroups': constructor syntax missing formal parameters
C:\Git\Personal\PenguinTalk\include\Common\StoopidMaps.h(10,27): warning C4267: 'initializing': conversion from 'size_t' to 'unsigned int', possible loss of data
C:\Git\Personal\PenguinTalk\StoopidDB\stoopidDB.h(22,10): fatal  error C1083: Cannot open include file: 'unistd.h': No such file or directory
  server_account_system.cpp
C:\Program Files\Microsoft Visual Studio 2\2022\Professional\VC\Tools\MSVC\14.36.32532\include\filesystem(13): warning STL4038: The contents of <filesystem> are available only with C++17 or later.
C:\Git\Personal\PenguinTalk\include\Common\PenguinTalkCommon.h(49,21): error C2039: 'filesystem': is not a member of 'std'
C:\Program Files\Microsoft Visual Studio 2\2022\Professional\VC\Tools\MSVC\14.36.32532\include\vector(26,1): message : see declaration of 'std'
C:\Git\Personal\PenguinTalk\include\Common\PenguinTalkCommon.h(49,31): error C2878: 'filesystem': a namespace or class of this name does not exist
C:\Git\Personal\PenguinTalk\include\Common\PenguinTalkCommon.h(53,17): error C2059: syntax error: 'constant'
C:\Git\Personal\PenguinTalk\include\Common\PenguinTalkCommon.h(53,80): error C2143: syntax error: missing ';' before '}'
C:\Git\Personal\PenguinTalk\include\Common\PenguinTalkCommon.h(53,80): error C2059: syntax error: '}'
C:\Git\Personal\PenguinTalk\include\Common\PenguinTalkCommon.h(106,14): error C2065: 'SOCKET_READ_ERROR': undeclared identifier
C:\Git\Personal\PenguinTalk\include\Common\PenguinTalkCommon.h(106,14): error C2131: expression did not evaluate to a constant
C:\Git\Personal\PenguinTalk\include\Common\PenguinTalkCommon.h(106,14): message : a non-constant (sub-)expression was encountered
C:\Git\Personal\PenguinTalk\include\Common\PenguinTalkCommon.h(108,14): error C2065: 'SOCKET_WRITE_ERROR': undeclared identifier
C:\Git\Personal\PenguinTalk\include\Common\PenguinTalkCommon.h(108,14): error C2131: expression did not evaluate to a constant
C:\Git\Personal\PenguinTalk\include\Common\PenguinTalkCommon.h(108,14): message : a non-constant (sub-)expression was encountered
C:\Git\Personal\PenguinTalk\include\Common\PenguinTalkCommon.h(110,14): error C2065: 'ACCEPT_ERROR': undeclared identifier
C:\Git\Personal\PenguinTalk\include\Common\PenguinTalkCommon.h(110,14): error C2131: expression did not evaluate to a constant
C:\Git\Personal\PenguinTalk\include\Common\PenguinTalkCommon.h(110,14): message : a non-constant (sub-)expression was encountered
C:\Git\Personal\PenguinTalk\include\Common\PenguinTalkCommon.h(106,9): error C2051: case expression not constant
C:\Git\Personal\PenguinTalk\include\Common\PenguinTalkCommon.h(108,9): error C2051: case expression not constant
C:\Git\Personal\PenguinTalk\include\Common\PenguinTalkCommon.h(110,9): error C2051: case expression not constant
C:\Git\Personal\PenguinTalk\include\Common\EncryptionManager\RSAKey.h(9,32): error C2061: syntax error: identifier 'uint'
C:\Git\Personal\PenguinTalk\include\Common\EncryptionManager\RSAKey.h(11,33): error C2061: syntax error: identifier 'uint'
C:\Git\Personal\PenguinTalk\include\Common\EncryptionManager\RSAKey.h(19,33): error C2061: syntax error: identifier 'uint'
C:\Git\Personal\PenguinTalk\include\Common\EncryptionManager\RSAKey.h(21,33): error C2061: syntax error: identifier 'uint'
C:\Git\Personal\PenguinTalk\include\Server\_AccountSystem.h(96,16): error C2461: 'ServerGroups': constructor syntax missing formal parameters
C:\Git\Personal\PenguinTalk\src\Server\server_account_system.cpp(53,14): error C2275: 'ServerGroups': expected an expression instead of a type
  server_db_manager.cpp
C:\Git\Personal\PenguinTalk\StoopidDB\stoopidDB.h(22,10): fatal  error C1083: Cannot open include file: 'unistd.h': No such file or directory
  server_main.cpp
C:\Git\Personal\PenguinTalk\src\Server\server_main.cpp(1,10): fatal  error C1083: Cannot open include file: 'Server/PenguinTalkServer.h': No such file or directory
  Generating Code...
